2022-05-14 20:19:35,142 INFO [root] [__init__.py(<module>:5)] - info
2022-05-14 20:19:35,866 INFO [root] [__init__.py(<module>:5)] - 在控制台打印日志
2022-05-14 20:19:35,866 INFO [root] [__init__.py(<module>:5)] - 在控制台打印日志
2022-05-14 20:19:36,984 INFO [root] [login.py(test05_get_sms_code_session:74)] - 获取短信验证码成功--参数正确：{'status': 200, 'description': '短信发送成功'}
2022-05-14 20:19:36,984 INFO [root] [login.py(test05_get_sms_code_session:74)] - 获取短信验证码成功--参数正确：{'status': 200, 'description': '短信发送成功'}
2022-05-14 20:19:37,100 INFO [root] [login.py(test06_get_sms_code_wrong_code:88)] - 获取短信验证码失败--图片验证码错误： {'status': 100, 'description': '图片验证码错误'}
2022-05-14 20:19:37,100 INFO [root] [login.py(test06_get_sms_code_wrong_code:88)] - 获取短信验证码失败--图片验证码错误： {'status': 100, 'description': '图片验证码错误'}
2022-05-14 20:19:37,232 INFO [root] [login.py(test07_get_sms_code_null:102)] - 获取短信验证码失败--图片验证码为空： {'status': 100, 'description': '图片验证码错误'}
2022-05-14 20:19:37,232 INFO [root] [login.py(test07_get_sms_code_null:102)] - 获取短信验证码失败--图片验证码为空： {'status': 100, 'description': '图片验证码错误'}
2022-05-14 20:19:37,385 INFO [root] [login.py(test08_get_sms_code_phone_null:116)] - 获取短信验证码失败--手机号码为空： {'status': 100}
2022-05-14 20:19:37,385 INFO [root] [login.py(test08_get_sms_code_phone_null:116)] - 获取短信验证码失败--手机号码为空： {'status': 100}
2022-05-14 20:19:37,454 INFO [root] [login.py(test09_get_sms_code_no_code_api:123)] - 获取短信验证码成功--未调用获取图片验证码接口：{'status': 100, 'description': '图片验证码错误'}
2022-05-14 20:19:37,454 INFO [root] [login.py(test09_get_sms_code_no_code_api:123)] - 获取短信验证码成功--未调用获取图片验证码接口：{'status': 100, 'description': '图片验证码错误'}
2022-05-14 20:19:37,602 INFO [root] [login.py(test10_register_success:137)] - 获取短信验证码成功--参数正确：{'status': 200, 'description': '短信发送成功'}
2022-05-14 20:19:37,602 INFO [root] [login.py(test10_register_success:137)] - 获取短信验证码成功--参数正确：{'status': 200, 'description': '短信发送成功'}
2022-05-14 20:19:37,602 INFO [root] [loginAPI.py(register:32)] - {'phone': '13033447888', 'password': 'test123', 'verifycode': '8888', 'phone_code': '666666', 'dy_server': 'on', 'invite_phone': ''}
2022-05-14 20:19:37,602 INFO [root] [loginAPI.py(register:32)] - {'phone': '13033447888', 'password': 'test123', 'verifycode': '8888', 'phone_code': '666666', 'dy_server': 'on', 'invite_phone': ''}
2022-05-14 20:19:37,633 INFO [root] [login.py(test10_register_success:141)] - 输入必填参数注册成功：{'status': 100, 'description': '手机已存在!'}
2022-05-14 20:19:37,633 INFO [root] [login.py(test10_register_success:141)] - 输入必填参数注册成功：{'status': 100, 'description': '手机已存在!'}
2022-05-14 20:19:37,786 INFO [root] [login.py(test11_register_success_param_all:156)] - 获取短信验证码成功--参数正确 = {'status': 200, 'description': '短信发送成功'}
2022-05-14 20:19:37,786 INFO [root] [login.py(test11_register_success_param_all:156)] - 获取短信验证码成功--参数正确 = {'status': 200, 'description': '短信发送成功'}
2022-05-14 20:19:37,786 INFO [root] [loginAPI.py(register:32)] - {'phone': '17855555510', 'password': 'test123', 'verifycode': '8888', 'phone_code': '666666', 'dy_server': 'on', 'invite_phone': '13012345678'}
2022-05-14 20:19:37,786 INFO [root] [loginAPI.py(register:32)] - {'phone': '17855555510', 'password': 'test123', 'verifycode': '8888', 'phone_code': '666666', 'dy_server': 'on', 'invite_phone': '13012345678'}
2022-05-14 20:19:37,833 INFO [root] [login.py(test11_register_success_param_all:161)] - 输入所有项，注册成功 = {'status': 100, 'description': '手机已存在!'}
2022-05-14 20:19:37,833 INFO [root] [login.py(test11_register_success_param_all:161)] - 输入所有项，注册成功 = {'status': 100, 'description': '手机已存在!'}
2022-05-14 20:19:37,971 INFO [root] [login.py(test12_register_phone_exist:177)] - 获取短信验证码成功--参数正确 = {'status': 200, 'description': '短信发送成功'}
2022-05-14 20:19:37,971 INFO [root] [login.py(test12_register_phone_exist:177)] - 获取短信验证码成功--参数正确 = {'status': 200, 'description': '短信发送成功'}
2022-05-14 20:19:37,971 INFO [root] [loginAPI.py(register:32)] - {'phone': '13033447888', 'password': 'test123', 'verifycode': '8888', 'phone_code': '666666', 'dy_server': 'on', 'invite_phone': ''}
2022-05-14 20:19:37,971 INFO [root] [loginAPI.py(register:32)] - {'phone': '13033447888', 'password': 'test123', 'verifycode': '8888', 'phone_code': '666666', 'dy_server': 'on', 'invite_phone': ''}
2022-05-14 20:19:38,034 INFO [root] [login.py(test12_register_phone_exist:182)] - 输入所有项，注册成功 = {'status': 100, 'description': '手机已存在!'}
2022-05-14 20:19:38,034 INFO [root] [login.py(test12_register_phone_exist:182)] - 输入所有项，注册成功 = {'status': 100, 'description': '手机已存在!'}
2022-05-14 20:19:38,156 INFO [root] [login.py(test13_register_pws_null:198)] - 获取短信验证码成功--参数正确 = {'status': 200, 'description': '短信发送成功'}
2022-05-14 20:19:38,156 INFO [root] [login.py(test13_register_pws_null:198)] - 获取短信验证码成功--参数正确 = {'status': 200, 'description': '短信发送成功'}
2022-05-14 20:19:38,156 INFO [root] [loginAPI.py(register:32)] - {'phone': '17855555509', 'password': '', 'verifycode': '8888', 'phone_code': '666666', 'dy_server': 'on', 'invite_phone': ''}
2022-05-14 20:19:38,156 INFO [root] [loginAPI.py(register:32)] - {'phone': '17855555509', 'password': '', 'verifycode': '8888', 'phone_code': '666666', 'dy_server': 'on', 'invite_phone': ''}
2022-05-14 20:19:38,203 INFO [root] [login.py(test13_register_pws_null:203)] - 注册失败——密码为空: {'status': 100, 'description': '手机已存在!'}
2022-05-14 20:19:38,203 INFO [root] [login.py(test13_register_pws_null:203)] - 注册失败——密码为空: {'status': 100, 'description': '手机已存在!'}
2022-05-14 20:19:38,335 INFO [root] [login.py(test14_register_img_code_error:219)] - 获取短信验证码成功--参数正确 = {'status': 200, 'description': '短信发送成功'}
2022-05-14 20:19:38,335 INFO [root] [login.py(test14_register_img_code_error:219)] - 获取短信验证码成功--参数正确 = {'status': 200, 'description': '短信发送成功'}
2022-05-14 20:19:38,335 INFO [root] [loginAPI.py(register:32)] - {'phone': '17855555508', 'password': 'test123', 'verifycode': '5555', 'phone_code': '666666', 'dy_server': 'on', 'invite_phone': ''}
2022-05-14 20:19:38,335 INFO [root] [loginAPI.py(register:32)] - {'phone': '17855555508', 'password': 'test123', 'verifycode': '5555', 'phone_code': '666666', 'dy_server': 'on', 'invite_phone': ''}
2022-05-14 20:19:38,372 INFO [root] [login.py(test14_register_img_code_error:224)] - 注册失败——图片验证码错误: {'status': 100, 'description': '验证码错误!'}
2022-05-14 20:19:38,372 INFO [root] [login.py(test14_register_img_code_error:224)] - 注册失败——图片验证码错误: {'status': 100, 'description': '验证码错误!'}
2022-05-14 20:19:38,520 INFO [root] [login.py(test15_register_phone_code_error:240)] - 获取短信验证码成功--参数正确 = {'status': 200, 'description': '短信发送成功'}
2022-05-14 20:19:38,520 INFO [root] [login.py(test15_register_phone_code_error:240)] - 获取短信验证码成功--参数正确 = {'status': 200, 'description': '短信发送成功'}
2022-05-14 20:19:38,520 INFO [root] [loginAPI.py(register:32)] - {'phone': '17855555508', 'password': 'test123', 'verifycode': '8888', 'phone_code': '888888', 'dy_server': 'on', 'invite_phone': ''}
2022-05-14 20:19:38,520 INFO [root] [loginAPI.py(register:32)] - {'phone': '17855555508', 'password': 'test123', 'verifycode': '8888', 'phone_code': '888888', 'dy_server': 'on', 'invite_phone': ''}
2022-05-14 20:19:38,573 INFO [root] [login.py(test15_register_phone_code_error:245)] - 注册失败——短信验证码错误 : {'status': 100, 'description': '手机已存在!'}
2022-05-14 20:19:38,573 INFO [root] [login.py(test15_register_phone_code_error:245)] - 注册失败——短信验证码错误 : {'status': 100, 'description': '手机已存在!'}
2022-05-14 20:19:38,720 INFO [root] [login.py(test16_register_no_agree:261)] - 获取短信验证码成功--参数正确 = {'status': 200, 'description': '短信发送成功'}
2022-05-14 20:19:38,720 INFO [root] [login.py(test16_register_no_agree:261)] - 获取短信验证码成功--参数正确 = {'status': 200, 'description': '短信发送成功'}
2022-05-14 20:19:38,720 INFO [root] [loginAPI.py(register:32)] - {'phone': '17855555508', 'password': 'test123', 'verifycode': '8888', 'phone_code': '666666', 'dy_server': 'off', 'invite_phone': ''}
2022-05-14 20:19:38,720 INFO [root] [loginAPI.py(register:32)] - {'phone': '17855555508', 'password': 'test123', 'verifycode': '8888', 'phone_code': '666666', 'dy_server': 'off', 'invite_phone': ''}
2022-05-14 20:19:38,773 INFO [root] [login.py(test16_register_no_agree:266)] - 注册失败——不同注册协议 : {'status': 100, 'description': '手机已存在!'}
2022-05-14 20:19:38,773 INFO [root] [login.py(test16_register_no_agree:266)] - 注册失败——不同注册协议 : {'status': 100, 'description': '手机已存在!'}
2022-05-14 20:19:38,889 INFO [root] [login.py(test17_login_success:275)] - 登录成功 : {'status': 200, 'description': '登录成功'}
2022-05-14 20:19:38,889 INFO [root] [login.py(test17_login_success:275)] - 登录成功 : {'status': 200, 'description': '登录成功'}
2022-05-14 20:19:38,952 INFO [root] [login.py(test18_login_name_no_exist:285)] - 登录失败——用户名不存在 : {'status': 100, 'description': '用户不存在'}
2022-05-14 20:19:38,952 INFO [root] [login.py(test18_login_name_no_exist:285)] - 登录失败——用户名不存在 : {'status': 100, 'description': '用户不存在'}
2022-05-14 20:19:39,021 INFO [root] [login.py(test19_login_pwd_null:294)] - 登录失败——密码为空 : {'status': 100, 'description': '密码不能为空'}
2022-05-14 20:19:39,021 INFO [root] [login.py(test19_login_pwd_null:294)] - 登录失败——密码为空 : {'status': 100, 'description': '密码不能为空'}
2022-05-14 20:19:39,105 INFO [root] [login.py(test20_login_pwd_error:304)] - 登录失败——密码错误一次 : {'status': 100, 'data': {'login_error': 2}, 'description': '密码错误1次,达到3次将锁定账户'}
2022-05-14 20:19:39,105 INFO [root] [login.py(test20_login_pwd_error:304)] - 登录失败——密码错误一次 : {'status': 100, 'data': {'login_error': 2}, 'description': '密码错误1次,达到3次将锁定账户'}
2022-05-14 20:19:39,159 INFO [root] [login.py(test20_login_pwd_error:309)] - 登录失败——密码错误两次 : {'status': 100, 'data': {'login_error': 3}, 'description': '密码错误2次,达到3次将锁定账户'}
2022-05-14 20:19:39,159 INFO [root] [login.py(test20_login_pwd_error:309)] - 登录失败——密码错误两次 : {'status': 100, 'data': {'login_error': 3}, 'description': '密码错误2次,达到3次将锁定账户'}
2022-05-14 20:19:39,206 INFO [root] [login.py(test20_login_pwd_error:313)] - 登录失败——密码错误三次 : {'status': 100, 'description': '由于连续输入错误密码达到上限，账号已被锁定，请于1.0分钟后重新登录'}
2022-05-14 20:19:39,206 INFO [root] [login.py(test20_login_pwd_error:313)] - 登录失败——密码错误三次 : {'status': 100, 'description': '由于连续输入错误密码达到上限，账号已被锁定，请于1.0分钟后重新登录'}
2022-05-14 20:19:39,253 INFO [root] [login.py(test20_login_pwd_error:317)] - 登录失败——账号锁定 : {'status': 100, 'description': '由于连续输入错误密码达到上限，账号已被锁定，请于1.0分钟后重新登录'}
2022-05-14 20:19:39,253 INFO [root] [login.py(test20_login_pwd_error:317)] - 登录失败——账号锁定 : {'status': 100, 'description': '由于连续输入错误密码达到上限，账号已被锁定，请于1.0分钟后重新登录'}
2022-05-14 20:20:39,317 INFO [root] [login.py(test20_login_pwd_error:322)] - 登录成功——等待60s : {'status': 200, 'description': '登录成功'}
2022-05-14 20:20:39,317 INFO [root] [login.py(test20_login_pwd_error:322)] - 登录成功——等待60s : {'status': 200, 'description': '登录成功'}
2022-05-14 20:20:39,401 INFO [root] [approver.py(test01_approver_success:30)] - 用户登录成功{'status': 200, 'description': '登录成功'}
2022-05-14 20:20:39,401 INFO [root] [approver.py(test01_approver_success:30)] - 用户登录成功{'status': 200, 'description': '登录成功'}
2022-05-14 20:20:39,548 INFO [root] [approver.py(test01_approver_success:36)] - 用户认证成功:{'status': 200, 'data': {'card_id': '110****995', 'realname': '张**'}, 'description': '提交成功!'}
2022-05-14 20:20:39,548 INFO [root] [approver.py(test01_approver_success:36)] - 用户认证成功:{'status': 200, 'data': {'card_id': '110****995', 'realname': '张**'}, 'description': '提交成功!'}
2022-05-14 20:20:39,663 INFO [root] [approver.py(test02_approve_realname_is_null:44)] - 用户登录成功{'status': 200, 'description': '登录成功'}
2022-05-14 20:20:39,663 INFO [root] [approver.py(test02_approve_realname_is_null:44)] - 用户登录成功{'status': 200, 'description': '登录成功'}
2022-05-14 20:20:39,733 INFO [root] [approver.py(test02_approve_realname_is_null:48)] - 用户认证失败——姓名为空:{'description': 'String index out of range: 1', 'status': 100}
2022-05-14 20:20:39,733 INFO [root] [approver.py(test02_approve_realname_is_null:48)] - 用户认证失败——姓名为空:{'description': 'String index out of range: 1', 'status': 100}
2022-05-14 20:20:39,832 INFO [root] [approver.py(test03_approve_cardId_is_null:56)] - 用户登录成功{'status': 200, 'description': '登录成功'}
2022-05-14 20:20:39,832 INFO [root] [approver.py(test03_approve_cardId_is_null:56)] - 用户登录成功{'status': 200, 'description': '登录成功'}
2022-05-14 20:20:39,901 INFO [root] [approver.py(test03_approve_cardId_is_null:60)] - 用户认证失败——身份证号为空:{'description': 'String index out of range: 1', 'status': 100}
2022-05-14 20:20:39,901 INFO [root] [approver.py(test03_approve_cardId_is_null:60)] - 用户认证失败——身份证号为空:{'description': 'String index out of range: 1', 'status': 100}
2022-05-14 20:20:40,001 INFO [root] [approver.py(test04_get_approve:68)] - 用户登录成功 = {'status': 200, 'description': '登录成功'}
2022-05-14 20:20:40,001 INFO [root] [approver.py(test04_get_approve:68)] - 用户登录成功 = {'status': 200, 'description': '登录成功'}
2022-05-14 20:20:40,048 INFO [root] [approver.py(test04_get_approve:72)] - 获取认证信息 = {'is_email_open': '-1', 'lastlogin_time': '1652530839', 'group_status': '', 'is_auth_user': '-1', 'is_realname_open': '2', 'is_corp': '-1', 'business_license': '', 'realname_remark': 'Trust register notify', 'card_id': '110****995', 'realname': '张**', 'isCert': '2', 'realname_card': '1', 'pay_pwd': '', 'phone': '130****7888', 'realname_status': '1', 'trustType': 'chinapnr', 'pwd': '1', 'email': '', 'is_trust': '1'}
2022-05-14 20:20:40,048 INFO [root] [approver.py(test04_get_approve:72)] - 获取认证信息 = {'is_email_open': '-1', 'lastlogin_time': '1652530839', 'group_status': '', 'is_auth_user': '-1', 'is_realname_open': '2', 'is_corp': '-1', 'business_license': '', 'realname_remark': 'Trust register notify', 'card_id': '110****995', 'realname': '张**', 'isCert': '2', 'realname_card': '1', 'pay_pwd': '', 'phone': '130****7888', 'realname_status': '1', 'trustType': 'chinapnr', 'pwd': '1', 'email': '', 'is_trust': '1'}
2022-05-14 20:20:40,148 INFO [root] [trust.py(test01_trust_request:27)] - 认证通过的账号登录 = {'status': 200, 'description': '登录成功'}
2022-05-14 20:20:40,148 INFO [root] [trust.py(test01_trust_request:27)] - 认证通过的账号登录 = {'status': 200, 'description': '登录成功'}
2022-05-14 20:20:40,201 INFO [root] [trust.py(test01_trust_request:31)] - 发送开户请求 = {'status': 200, 'description': {'form': "<form name='easypaysubmit' id='easypaysubmit' target='_blank' method='post' action='http://121.43.169.97:8000/muser/publicRequests'><input name='Version' type='hidden' value='10'/><input name='CmdId' type='hidden' value='UserRegister'/><input name='MerCustId' type='hidden' value='6000060007313892'/><input name='BgRetUrl' type='hidden' value='https://www.baidu.com/'/><input name='RetUrl' type='hidden' value='http://user-p2p-test.itheima.net/trust/chinapnr/register/return/22051420204014783699'/><input name='UsrId' type='hidden' value=''/><input name='UsrName' type='hidden' value=''/><input name='IdType' type='hidden' value='00'/><input name='IdNo' type='hidden' value='110117199003070995'/><input name='UsrMp' type='hidden' value='13033447888'/><input name='UsrEmail' type='hidden' value=''/><input name='MerPriv' type='hidden' value='22051420204014783699'/><input name='ChkValue' type='hidden' value='-101'/><input name='CharSet' type='hidden' value='UTF-8'/></form><script>document.forms['easypaysubmit'].submit();</script>"}}
2022-05-14 20:20:40,201 INFO [root] [trust.py(test01_trust_request:31)] - 发送开户请求 = {'status': 200, 'description': {'form': "<form name='easypaysubmit' id='easypaysubmit' target='_blank' method='post' action='http://121.43.169.97:8000/muser/publicRequests'><input name='Version' type='hidden' value='10'/><input name='CmdId' type='hidden' value='UserRegister'/><input name='MerCustId' type='hidden' value='6000060007313892'/><input name='BgRetUrl' type='hidden' value='https://www.baidu.com/'/><input name='RetUrl' type='hidden' value='http://user-p2p-test.itheima.net/trust/chinapnr/register/return/22051420204014783699'/><input name='UsrId' type='hidden' value=''/><input name='UsrName' type='hidden' value=''/><input name='IdType' type='hidden' value='00'/><input name='IdNo' type='hidden' value='110117199003070995'/><input name='UsrMp' type='hidden' value='13033447888'/><input name='UsrEmail' type='hidden' value=''/><input name='MerPriv' type='hidden' value='22051420204014783699'/><input name='ChkValue' type='hidden' value='-101'/><input name='CharSet' type='hidden' value='UTF-8'/></form><script>document.forms['easypaysubmit'].submit();</script>"}}
2022-05-14 20:20:40,201 INFO [root] [trust.py(test01_trust_request:36)] - 开户请求返回<form name='easypaysubmit' id='easypaysubmit' target='_blank' method='post' action='http://121.43.169.97:8000/muser/publicRequests'><input name='Version' type='hidden' value='10'/><input name='CmdId' type='hidden' value='UserRegister'/><input name='MerCustId' type='hidden' value='6000060007313892'/><input name='BgRetUrl' type='hidden' value='https://www.baidu.com/'/><input name='RetUrl' type='hidden' value='http://user-p2p-test.itheima.net/trust/chinapnr/register/return/22051420204014783699'/><input name='UsrId' type='hidden' value=''/><input name='UsrName' type='hidden' value=''/><input name='IdType' type='hidden' value='00'/><input name='IdNo' type='hidden' value='110117199003070995'/><input name='UsrMp' type='hidden' value='13033447888'/><input name='UsrEmail' type='hidden' value=''/><input name='MerPriv' type='hidden' value='22051420204014783699'/><input name='ChkValue' type='hidden' value='-101'/><input name='CharSet' type='hidden' value='UTF-8'/></form><script>document.forms['easypaysubmit'].submit();</script>
2022-05-14 20:20:40,201 INFO [root] [trust.py(test01_trust_request:36)] - 开户请求返回<form name='easypaysubmit' id='easypaysubmit' target='_blank' method='post' action='http://121.43.169.97:8000/muser/publicRequests'><input name='Version' type='hidden' value='10'/><input name='CmdId' type='hidden' value='UserRegister'/><input name='MerCustId' type='hidden' value='6000060007313892'/><input name='BgRetUrl' type='hidden' value='https://www.baidu.com/'/><input name='RetUrl' type='hidden' value='http://user-p2p-test.itheima.net/trust/chinapnr/register/return/22051420204014783699'/><input name='UsrId' type='hidden' value=''/><input name='UsrName' type='hidden' value=''/><input name='IdType' type='hidden' value='00'/><input name='IdNo' type='hidden' value='110117199003070995'/><input name='UsrMp' type='hidden' value='13033447888'/><input name='UsrEmail' type='hidden' value=''/><input name='MerPriv' type='hidden' value='22051420204014783699'/><input name='ChkValue' type='hidden' value='-101'/><input name='CharSet' type='hidden' value='UTF-8'/></form><script>document.forms['easypaysubmit'].submit();</script>
2022-05-14 20:20:40,217 INFO [root] [utils.py(request_third_api:21)] - 第三方请求的urlhttp://121.43.169.97:8000/muser/publicRequests
2022-05-14 20:20:40,217 INFO [root] [utils.py(request_third_api:21)] - 第三方请求的urlhttp://121.43.169.97:8000/muser/publicRequests
2022-05-14 20:20:40,217 INFO [root] [utils.py(request_third_api:27)] - 第三方请求的data{'Version': '10', 'CmdId': 'UserRegister', 'MerCustId': '6000060007313892', 'BgRetUrl': 'https://www.baidu.com/', 'RetUrl': 'http://user-p2p-test.itheima.net/trust/chinapnr/register/return/22051420204014783699', 'UsrId': '', 'UsrName': '', 'IdType': '00', 'IdNo': '110117199003070995', 'UsrMp': '13033447888', 'UsrEmail': '', 'MerPriv': '22051420204014783699', 'ChkValue': '-101', 'CharSet': 'UTF-8'}
2022-05-14 20:20:40,217 INFO [root] [utils.py(request_third_api:27)] - 第三方请求的data{'Version': '10', 'CmdId': 'UserRegister', 'MerCustId': '6000060007313892', 'BgRetUrl': 'https://www.baidu.com/', 'RetUrl': 'http://user-p2p-test.itheima.net/trust/chinapnr/register/return/22051420204014783699', 'UsrId': '', 'UsrName': '', 'IdType': '00', 'IdNo': '110117199003070995', 'UsrMp': '13033447888', 'UsrEmail': '', 'MerPriv': '22051420204014783699', 'ChkValue': '-101', 'CharSet': 'UTF-8'}
2022-05-14 20:20:40,548 INFO [root] [trust.py(test02_recharge:47)] - 认证通过的账号登录 = {'status': 200, 'description': '登录成功'}
2022-05-14 20:20:40,548 INFO [root] [trust.py(test02_recharge:47)] - 认证通过的账号登录 = {'status': 200, 'description': '登录成功'}
2022-05-14 20:20:40,664 INFO [root] [trust.py(test02_recharge:58)] - 发送充值请求：{'status': 200, 'description': {'form': "<form name='easypaysubmit' id='easypaysubmit' target='_blank' method='post' action='http://121.43.169.97:8000/muser/publicRequests'><input name='Version' type='hidden' value='10'/><input name='CmdId' type='hidden' value='NetSave'/><input name='MerCustId' type='hidden' value='6000060007313892'/><input name='UsrCustId' type='hidden' value='6020220514202040'/><input name='OrdId' type='hidden' value='22051420204061248799'/><input name='OrdDate' type='hidden' value='20220514'/><input name='GateBusiId' type='hidden' value='B2C'/><input name='OpenBankId' type='hidden' value=''/><input name='DcFlag' type='hidden' value='D'/><input name='TransAmt' type='hidden' value='10000.00'/><input name='RetUrl' type='hidden' value='http://user-p2p-test.itheima.net/trust/chinapnr/recharge/return/22051420204061248799'/><input name='BgRetUrl' type='hidden' value='https://www.baidu.com/'/><input name='OpenAcctId' type='hidden' value=''/><input name='CertId' type='hidden' value=''/><input name='MerPriv' type='hidden' value='9499'/><input name='ChkValue' type='hidden' value='-101'/><input name='CharSet' type='hidden' value='UTF-8'/></form><script>document.forms['easypaysubmit'].submit();</script>"}}
2022-05-14 20:20:40,664 INFO [root] [trust.py(test02_recharge:58)] - 发送充值请求：{'status': 200, 'description': {'form': "<form name='easypaysubmit' id='easypaysubmit' target='_blank' method='post' action='http://121.43.169.97:8000/muser/publicRequests'><input name='Version' type='hidden' value='10'/><input name='CmdId' type='hidden' value='NetSave'/><input name='MerCustId' type='hidden' value='6000060007313892'/><input name='UsrCustId' type='hidden' value='6020220514202040'/><input name='OrdId' type='hidden' value='22051420204061248799'/><input name='OrdDate' type='hidden' value='20220514'/><input name='GateBusiId' type='hidden' value='B2C'/><input name='OpenBankId' type='hidden' value=''/><input name='DcFlag' type='hidden' value='D'/><input name='TransAmt' type='hidden' value='10000.00'/><input name='RetUrl' type='hidden' value='http://user-p2p-test.itheima.net/trust/chinapnr/recharge/return/22051420204061248799'/><input name='BgRetUrl' type='hidden' value='https://www.baidu.com/'/><input name='OpenAcctId' type='hidden' value=''/><input name='CertId' type='hidden' value=''/><input name='MerPriv' type='hidden' value='9499'/><input name='ChkValue' type='hidden' value='-101'/><input name='CharSet' type='hidden' value='UTF-8'/></form><script>document.forms['easypaysubmit'].submit();</script>"}}
2022-05-14 20:20:40,664 INFO [root] [trust.py(test02_recharge:64)] - 获取响应中form表单的数据<form name='easypaysubmit' id='easypaysubmit' target='_blank' method='post' action='http://121.43.169.97:8000/muser/publicRequests'><input name='Version' type='hidden' value='10'/><input name='CmdId' type='hidden' value='NetSave'/><input name='MerCustId' type='hidden' value='6000060007313892'/><input name='UsrCustId' type='hidden' value='6020220514202040'/><input name='OrdId' type='hidden' value='22051420204061248799'/><input name='OrdDate' type='hidden' value='20220514'/><input name='GateBusiId' type='hidden' value='B2C'/><input name='OpenBankId' type='hidden' value=''/><input name='DcFlag' type='hidden' value='D'/><input name='TransAmt' type='hidden' value='10000.00'/><input name='RetUrl' type='hidden' value='http://user-p2p-test.itheima.net/trust/chinapnr/recharge/return/22051420204061248799'/><input name='BgRetUrl' type='hidden' value='https://www.baidu.com/'/><input name='OpenAcctId' type='hidden' value=''/><input name='CertId' type='hidden' value=''/><input name='MerPriv' type='hidden' value='9499'/><input name='ChkValue' type='hidden' value='-101'/><input name='CharSet' type='hidden' value='UTF-8'/></form><script>document.forms['easypaysubmit'].submit();</script>
2022-05-14 20:20:40,664 INFO [root] [trust.py(test02_recharge:64)] - 获取响应中form表单的数据<form name='easypaysubmit' id='easypaysubmit' target='_blank' method='post' action='http://121.43.169.97:8000/muser/publicRequests'><input name='Version' type='hidden' value='10'/><input name='CmdId' type='hidden' value='NetSave'/><input name='MerCustId' type='hidden' value='6000060007313892'/><input name='UsrCustId' type='hidden' value='6020220514202040'/><input name='OrdId' type='hidden' value='22051420204061248799'/><input name='OrdDate' type='hidden' value='20220514'/><input name='GateBusiId' type='hidden' value='B2C'/><input name='OpenBankId' type='hidden' value=''/><input name='DcFlag' type='hidden' value='D'/><input name='TransAmt' type='hidden' value='10000.00'/><input name='RetUrl' type='hidden' value='http://user-p2p-test.itheima.net/trust/chinapnr/recharge/return/22051420204061248799'/><input name='BgRetUrl' type='hidden' value='https://www.baidu.com/'/><input name='OpenAcctId' type='hidden' value=''/><input name='CertId' type='hidden' value=''/><input name='MerPriv' type='hidden' value='9499'/><input name='ChkValue' type='hidden' value='-101'/><input name='CharSet' type='hidden' value='UTF-8'/></form><script>document.forms['easypaysubmit'].submit();</script>
2022-05-14 20:20:40,680 INFO [root] [utils.py(request_third_api:21)] - 第三方请求的urlhttp://121.43.169.97:8000/muser/publicRequests
2022-05-14 20:20:40,680 INFO [root] [utils.py(request_third_api:21)] - 第三方请求的urlhttp://121.43.169.97:8000/muser/publicRequests
2022-05-14 20:20:40,680 INFO [root] [utils.py(request_third_api:27)] - 第三方请求的data{'Version': '10', 'CmdId': 'NetSave', 'MerCustId': '6000060007313892', 'UsrCustId': '6020220514202040', 'OrdId': '22051420204061248799', 'OrdDate': '20220514', 'GateBusiId': 'B2C', 'OpenBankId': '', 'DcFlag': 'D', 'TransAmt': '10000.00', 'RetUrl': 'http://user-p2p-test.itheima.net/trust/chinapnr/recharge/return/22051420204061248799', 'BgRetUrl': 'https://www.baidu.com/', 'OpenAcctId': '', 'CertId': '', 'MerPriv': '9499', 'ChkValue': '-101', 'CharSet': 'UTF-8'}
2022-05-14 20:20:40,680 INFO [root] [utils.py(request_third_api:27)] - 第三方请求的data{'Version': '10', 'CmdId': 'NetSave', 'MerCustId': '6000060007313892', 'UsrCustId': '6020220514202040', 'OrdId': '22051420204061248799', 'OrdDate': '20220514', 'GateBusiId': 'B2C', 'OpenBankId': '', 'DcFlag': 'D', 'TransAmt': '10000.00', 'RetUrl': 'http://user-p2p-test.itheima.net/trust/chinapnr/recharge/return/22051420204061248799', 'BgRetUrl': 'https://www.baidu.com/', 'OpenAcctId': '', 'CertId': '', 'MerPriv': '9499', 'ChkValue': '-101', 'CharSet': 'UTF-8'}
2022-05-14 20:20:40,933 INFO [root] [trust.py(test02_recharge:67)] - 充值成功：<Response [200]>
2022-05-14 20:20:40,933 INFO [root] [trust.py(test02_recharge:67)] - 充值成功：<Response [200]>
2022-05-14 20:20:41,033 INFO [root] [tender.py(setUp:17)] - login response={'status': 200, 'description': '登录成功'}
2022-05-14 20:20:41,033 INFO [root] [tender.py(setUp:17)] - login response={'status': 200, 'description': '登录成功'}
2022-05-14 20:20:41,118 INFO [root] [tender.py(test01_get_loaninfo:27)] - get_tender response = {'status': 200, 'data': {'attachment_ids': '', 'loan_info': {'tender_count': '1', 'add_date': '2022-05-04', 'tender_amount_min': 100.0, 'wait_amount': '0', 'use': '其他', 'period_name': '1个月', 'award_status': -1, 'additional_amount_max': 0.0, 'serialno': '202205040018', 'isCert': '2', 'overdue_time': '2022-05-08 16:47:25', 'password': '123456', 'password_status': True, 'category_id': '1', 'additional_name': 'null+0.00%', 'id': '697', 'catePic': 'http://imgv-p2p-test.itheima.net/loan/borrowtype/20191008/f5249edf-ec06-40c9-b56d-d0bd65cc4f89.png', 'validate': 4, 'member_id': '1021', 'period': '1', 'apr': '6.00', 'amount': '10000.00', 'status_name': '还款中', 'category_type': '1', 'deposit_certificate': '-1', 'additional_status': -1, 'member_name': '13886932455', 'vouch_company_id': '0', 'is_auto': -1, 'hits': 86, 'contents': '温明润001温明润001温明润001温明润001温明润001温明润001温明润001', 'credited_amount': '10000.00', 'name': '温明润001', 'progress': '100.00', 'tender_amount_max': 10000.0, 'repay_type': '3', 'hidden_status': '1', 'is_company': -1, 'additional_apr': 0.0, 'tenderNum': '1', 'status': '6'}, 'member_approve': {'is_email': 'no', 'is_phone': 'yes', 'is_realname': 'yes', 'is_lock': 'yes', 'username': '13886932455'}, 'company_info': {}, 'member_info': {'member_id': 1021, 'birthday': '1990-03-07', 'industry_name': '未填', 'gender': '男', 'company_scale_name': '未填', 'member_name': '13886932455', 'marry_name': '未填', 'card_id': '110101199003075154', 'realname': '刘**', 'edu_name': '未填', 'graduated': '未填', 'imgPath': 'http://imgv-p2p-test.itheima.net', 'monthly_income_name': '未填', 'id': 1136, 'company_office_name': '未填'}, 'member_loan_info': {'late_amount': 2000.83, 'late_repay': 1, 'late_repay_max': 0, 'loan_success_amount': 119000.0, 'interestTotal': 10050.0, 'loan_count': 7, 'repay_success_count': 0, 'loan_success_count': 5, 'wait_repay_total': 119373.33}, 'comList': [], 'iscompany': '-1', 'attaList': [], 'companyPic': '', 'member': {'lastlogin_time': 1652530840, 'role': 1, 'group_status': 2, 'is_id5': -1, 'register_time': 1652505753, 'id': 9499, 'register_ip': 1863346153, 'is_login': 1, 'group': 1, 'is_email': -1, 'credit_point': 0, 'amount': 0.0, 'is_phone': 1, 'is_vip': -1, 'can_tender_new': 1, 'count': 23, 'lastlogin_date': '五月 14, 2022', 'is_realname': 1, 'register_date': '五月 14, 2022', 'is_auto': '-1', 'lock_time': 1652530779, 'register_type': 1, 'is_video': -1, 'self_loan': -1, 'phone': 13033447888, 'balance_amount': 40000.0, 'name': '13033447888', 'lastlogin_ip': 1863346153, 'status': 1}, 'repay_type': {'contents': '到期还本还息', 'name': '到期还本还息', 'remark': '', 'id': 3}}, 'description': 'OK'}
2022-05-14 20:20:41,118 INFO [root] [tender.py(test01_get_loaninfo:27)] - get_tender response = {'status': 200, 'data': {'attachment_ids': '', 'loan_info': {'tender_count': '1', 'add_date': '2022-05-04', 'tender_amount_min': 100.0, 'wait_amount': '0', 'use': '其他', 'period_name': '1个月', 'award_status': -1, 'additional_amount_max': 0.0, 'serialno': '202205040018', 'isCert': '2', 'overdue_time': '2022-05-08 16:47:25', 'password': '123456', 'password_status': True, 'category_id': '1', 'additional_name': 'null+0.00%', 'id': '697', 'catePic': 'http://imgv-p2p-test.itheima.net/loan/borrowtype/20191008/f5249edf-ec06-40c9-b56d-d0bd65cc4f89.png', 'validate': 4, 'member_id': '1021', 'period': '1', 'apr': '6.00', 'amount': '10000.00', 'status_name': '还款中', 'category_type': '1', 'deposit_certificate': '-1', 'additional_status': -1, 'member_name': '13886932455', 'vouch_company_id': '0', 'is_auto': -1, 'hits': 86, 'contents': '温明润001温明润001温明润001温明润001温明润001温明润001温明润001', 'credited_amount': '10000.00', 'name': '温明润001', 'progress': '100.00', 'tender_amount_max': 10000.0, 'repay_type': '3', 'hidden_status': '1', 'is_company': -1, 'additional_apr': 0.0, 'tenderNum': '1', 'status': '6'}, 'member_approve': {'is_email': 'no', 'is_phone': 'yes', 'is_realname': 'yes', 'is_lock': 'yes', 'username': '13886932455'}, 'company_info': {}, 'member_info': {'member_id': 1021, 'birthday': '1990-03-07', 'industry_name': '未填', 'gender': '男', 'company_scale_name': '未填', 'member_name': '13886932455', 'marry_name': '未填', 'card_id': '110101199003075154', 'realname': '刘**', 'edu_name': '未填', 'graduated': '未填', 'imgPath': 'http://imgv-p2p-test.itheima.net', 'monthly_income_name': '未填', 'id': 1136, 'company_office_name': '未填'}, 'member_loan_info': {'late_amount': 2000.83, 'late_repay': 1, 'late_repay_max': 0, 'loan_success_amount': 119000.0, 'interestTotal': 10050.0, 'loan_count': 7, 'repay_success_count': 0, 'loan_success_count': 5, 'wait_repay_total': 119373.33}, 'comList': [], 'iscompany': '-1', 'attaList': [], 'companyPic': '', 'member': {'lastlogin_time': 1652530840, 'role': 1, 'group_status': 2, 'is_id5': -1, 'register_time': 1652505753, 'id': 9499, 'register_ip': 1863346153, 'is_login': 1, 'group': 1, 'is_email': -1, 'credit_point': 0, 'amount': 0.0, 'is_phone': 1, 'is_vip': -1, 'can_tender_new': 1, 'count': 23, 'lastlogin_date': '五月 14, 2022', 'is_realname': 1, 'register_date': '五月 14, 2022', 'is_auto': '-1', 'lock_time': 1652530779, 'register_type': 1, 'is_video': -1, 'self_loan': -1, 'phone': 13033447888, 'balance_amount': 40000.0, 'name': '13033447888', 'lastlogin_ip': 1863346153, 'status': 1}, 'repay_type': {'contents': '到期还本还息', 'name': '到期还本还息', 'remark': '', 'id': 3}}, 'description': 'OK'}
2022-05-14 20:20:41,233 INFO [root] [tender.py(setUp:17)] - login response={'status': 200, 'description': '登录成功'}
2022-05-14 20:20:41,233 INFO [root] [tender.py(setUp:17)] - login response={'status': 200, 'description': '登录成功'}
2022-05-14 20:20:41,302 INFO [root] [tender.py(test02_tender:37)] - tender response = {'status': 100, 'description': '投资密码不能为空'}
2022-05-14 20:20:41,302 INFO [root] [tender.py(test02_tender:37)] - tender response = {'status': 100, 'description': '投资密码不能为空'}
2022-05-14 20:20:41,387 INFO [root] [tender.py(setUp:17)] - login response={'status': 200, 'description': '登录成功'}
2022-05-14 20:20:41,387 INFO [root] [tender.py(setUp:17)] - login response={'status': 200, 'description': '登录成功'}
2022-05-14 20:20:41,450 INFO [root] [tender.py(test03_get_tenderlist:55)] - get_tender response = {'recover_amount_yes_total': 0, 'isStartTime': 'yes', 'epage': 6, 'recover_amount_total': 0, 'recover_amount_wait_total': 0, 'page': 1, 'total_pages': 0, 'tender_amount_total': 0, 'items': [], 'total_items': 0, 'isCert': '2'}
2022-05-14 20:20:41,450 INFO [root] [tender.py(test03_get_tenderlist:55)] - get_tender response = {'recover_amount_yes_total': 0, 'isStartTime': 'yes', 'epage': 6, 'recover_amount_total': 0, 'recover_amount_wait_total': 0, 'page': 1, 'total_pages': 0, 'tender_amount_total': 0, 'items': [], 'total_items': 0, 'isCert': '2'}
